Resulting plugin list:
analysis-model-api 14.12.0-992.v1093094f193e
ant 520.vd082ecfb_16a_9
antisamy-markup-formatter 173.v680e3a_b_69ff3
apache-httpcomponents-client-4-api 4.5.14-269.vfa_2321039a_83
apache-httpcomponents-client-5-api 5.6.1-195.v65ffe15189a_d
asm-api 9.10.1-216.va_9256d3b_844b_
authentication-tokens 1.144.v5ff4a_5ec5c33
authorize-project 531.vf8761dfd75d2
bootstrap5-api 5.3.8-1048.va_c299057e35c
bouncycastle-api 2.30.1.84-291.v9f17b_21896e2
branch-api 2.1280.v0d4e5b_b_460ef
build-discarder 158.vce570d01ce4c
build-timeout 1.40
caffeine-api 3.2.3-194.v31a_b_f7a_b_5a_81
checks-api 415.vf022234a_931d
cloudbees-disk-usage-simple 270.vfb_6898193d8d
cloudbees-folder 6.1100.ve9eed61d16c4
command-launcher 134.v025a_5fcf9dea_
commons-lang3-api 3.20.0-109.ve43756e2d2b_4
commons-text-api 1.15.0-218.va_61573470393
config-file-provider 1013.v73c323e52b_1f
configuration-as-code 2088.ve3b_42c663c80
credentials 1502.v5c95e620ddfe
credentials-binding 725.ve52b_2328a_fde
data-tables-api 2.3.8-1570.v1cb_1cd2a_0fb_c
display-url-api 2.217.va_6b_de84cc74b_
durable-task 671.v340ff7959010
echarts-api 6.0.0-1287.vfd24c22a_3d00
eddsa-api 0.3.0.1-29.v67e9a_1c969b_b_
email-ext 2038.v7b_8817a_499d9
extended-read-permission 68.vd270568a_7520
external-monitor-job 223.vb_fddcf42c9b_3
extra-columns 1.28
font-awesome-api 7.2.0-990.vf220b_2a_496f9
forensics-api 4.1891.v5e60f3377506
ghprb 1.42.2
git 5.10.1
git-client 6.6.0
git-parameter 462.vdcf3df2ed2ca_
github 1.47.0
github-api 1.330-492.v3941a_032db_2a_
github-branch-source 1967.1969.v205fd594c821
gitlab-api 6.3.0-126.vd066b_d896159
gitlab-branch-source 740.v04f287f9194d
gitlab-plugin 1.9.13
gson-api 2.14.0-201.v8eefe5515533
handy-uri-templates-2-api 2.1.8-38.vcea_5d521d5f3
hashicorp-vault-plugin 383.v7529eea_ef531
instance-identity 203.v15e81a_1b_7a_38
ionicons-api 94.vcc3065403257
jackson-annotations2-api 2.22-19.v10a_a_582ea_26e
jackson2-api 2.21.2-436.v29efdb_7418ff
jackson3-api 3.2.0-83.vfb_04cee1ea_0f
jakarta-activation-api 2.1.4-1
jakarta-mail-api 2.1.5-1
jakarta-xml-bind-api 4.0.9-19.v2b_a_5b_44d9a_1c
javadoc 354.vee1a_660b_4990
javax-activation-api 1.2.0-8
jaxb 2.3.9-143.v5979df3304e6
jdk-tool 83.v417146707a_3d
jersey3-api 3.1.11-4.v77818819c2e1
jjwt-api 0.13.0-141.vd58b_a_9592b_6c
jobConfigHistory 1356.ve360da_6c523a_
joda-time-api 2.14.2-193.v422b_efce56e0
jquery3-api 3.7.1-687.v68d468e40b_30
jsch 0.2.16-95.v3eecb_55fa_b_78
json-api 20260522-217.v0b_18b_8cd4672
json-path-api 3.0.0-218.vcd4dd1355de2
jsoup 1.22.2-95.vc5d00f1eb_42d
junit 1413.v736fa_5b_61d80
junit-attachments 367.v30757752b_2b_f
kubernetes 4423.vb_59f230b_ce53
kubernetes-client-api 7.3.1-256.v788a_0b_787114
kubernetes-credentials 207.v492f58828b_ed
ldap 807.809.vd3a_4e5e4ec98
mailer 534.v1b_36f5864073
matrix-auth 3.2.10
matrix-project 870.v9db_fcfc2f45b_
maven-plugin 3.27
metrics 4.2.37-494.v06f9a_939d33a_
mina-sshd-api-common 2.17.1-187.v0341274c2905
mina-sshd-api-core 2.17.1-187.v0341274c2905
okhttp-api 5.3.2-200.vedb_720a_cf1f8
oss-symbols-api 461.v209fb_a_3e73da_
pam-auth 1.12
parameterized-trigger 893.va_383a_9b_a_4c11
pipeline-build-step 584.vdb_a_2cc3a_d07a_
pipeline-graph-analysis 254.v0f63a_a_447dca_
pipeline-graph-view 940.v790e7a_c51722
pipeline-groovy-lib 798.v5cc688825312
pipeline-input-step 551.vdff487c5998c
pipeline-maven 1735.v63b_5b_1b_d25d9
pipeline-maven-api 1735.v63b_5b_1b_d25d9
pipeline-milestone-step 152.v6e22b_8cfc66c
pipeline-model-api 2.2291.v2934911987b_6
pipeline-model-definition 2.2291.v2934911987b_6
pipeline-model-extensions 2.2291.v2934911987b_6
pipeline-rest-api 2.41
pipeline-stage-step 345.va_96187909426
pipeline-stage-tags-metadata 2.2291.v2934911987b_6
pipeline-stage-view 2.41
plain-credentials 199.v9f8e1f741799
plugin-usage-plugin 418.v308c3c863d25
plugin-util-api 7.1341.v039f146993d9
prism-api 1.30.0-741.v034eb_0b_0a_a_fa_
prometheus 852.v317db_5d17a_b_0
promoted-builds 992.va_00888f21b_74
rebuild 338.va_0a_b_50e29397
resource-disposer 0.25
scm-api 728.vc30dcf7a_0df5
script-security 1402.1405.vc96e74964250
simple-theme-plugin 230.v8b_fd91b_b_800c
snakeyaml-api 2.5-149.v72471e9c6371
snakeyaml-engine-api 3.0.1-5.vd98ea_ff3b_92e
sonar 2.18.3
ssh-agent 396.vcc7d84e622ec
ssh-credentials 372.va_250881b_08cd
ssh-slaves 3.1097.v868116049892
structs 362.va_b_695ef4fdf9
timestamper 1.30
token-macro 477.vd4f0dc3cb_cf1
trilead-api 2.284.v1974ea_324382
variant 70.va_d9f17f859e0
warnings-ng 13.10097.v277a_958a_b_c09
woodstox-core-api 7.2.1-6.v3718a_a_11f5c4
workflow-aggregator 608.v67378e9d3db_1
workflow-api 1413.v2ff1a_5e720fa_
workflow-basic-steps 1098.v808b_fd7f8cf4
workflow-cps 4331.v9d06ed4658ff
workflow-durable-task-step 1479.v56e587f413a_7
workflow-job 1571.1580.v18e46842c125
workflow-multibranch 821.vc3b_4ea_780798
workflow-scm-step 466.va_d69e602552b_
workflow-step-api 724.v538c2362b_dfb_
workflow-support 1015.v785e5a_b_b_8b_22
ws-cleanup 0.49
xvnc 1.28

